15:06:48.008 INFO  Loading /media/hdd/SteamLibrary/steamapps/common/Portal 2/portal2/maps/mp_coop_rat_maze.bsp
15:06:48.443 INFO  Using 'DStaticPropV9' for sprp version 9
15:06:48.444 WARN  Lump LUMP_CLIPPORTALVERTS is empty
15:06:48.444 WARN  Lump LUMP_DISPINFO is empty
15:06:48.444 WARN  Lump LUMP_DISP_VERTS is empty
15:06:48.444 WARN  Lump LUMP_DISP_TRIS is empty
15:06:48.444 WARN  Lump LUMP_DISP_MULTIBLEND is empty
15:06:48.444 INFO  BSP version: 21
15:06:48.444 INFO  Game: Portal 2
15:06:48.445 INFO  No areaportals to reallocate...
15:06:48.445 INFO  No occluders to reallocate...
15:06:48.460 INFO  1354 (22.8%) exact brushside->origface matches
15:06:48.461 INFO  0/0 (nondisp/disp) original faces left after exact brushside->origface matching
15:06:48.468 INFO  112 (1.9%) partial brushside->origface matches
15:06:48.468 INFO  Writing brushes and planes
15:06:48.516 INFO  Writing displacements
15:06:48.516 INFO  Writing entities
15:06:48.535 INFO  Writing func_details
15:06:48.596 INFO  Writing info_overlays
15:06:48.597 INFO  Writing prop_statics
15:06:48.603 INFO  Writing env_cubemaps
15:06:48.603 INFO  Writing func_ladders
15:06:48.603 INFO  Finished decompiling /media/hdd/SteamLibrary/steamapps/common/Portal 2/portal2/maps/mp_coop_rat_maze.bsp.
