15:06:54.147 INFO  Loading /media/hdd/SteamLibrary/steamapps/common/Portal 2/portal2/maps/mp_coop_paint_red_racer.bsp
15:06:55.332 INFO  Using 'DStaticPropV9' for sprp version 9
15:06:55.332 WARN  Lump LUMP_CLIPPORTALVERTS is empty
15:06:55.333 WARN  Lump LUMP_DISPINFO is empty
15:06:55.333 WARN  Lump LUMP_DISP_VERTS is empty
15:06:55.333 WARN  Lump LUMP_DISP_TRIS is empty
15:06:55.333 WARN  Lump LUMP_DISP_MULTIBLEND is empty
15:06:55.333 INFO  BSP version: 21
15:06:55.333 INFO  Game: Portal 2
15:06:55.335 INFO  No areaportals to reallocate...
15:06:55.335 INFO  No occluders to reallocate...
15:06:55.348 INFO  1501 (29.8%) exact brushside->origface matches
15:06:55.348 INFO  6/0 (nondisp/disp) original faces left after exact brushside->origface matching
15:06:55.354 INFO  120 (2.4%) partial brushside->origface matches
15:06:55.354 INFO  Writing brushes and planes
15:06:55.371 INFO  Writing displacements
15:06:55.371 INFO  Writing entities
15:06:55.381 INFO  Writing func_details
15:06:55.406 INFO  Writing info_overlays
15:06:55.406 INFO  Writing prop_statics
15:06:55.410 INFO  Writing env_cubemaps
15:06:55.410 INFO  Writing func_ladders
15:06:55.411 INFO  Finished decompiling /media/hdd/SteamLibrary/steamapps/common/Portal 2/portal2/maps/mp_coop_paint_red_racer.bsp.
