15:06:42.761 INFO  Loading /media/hdd/SteamLibrary/steamapps/common/Portal 2/portal2/maps/mp_coop_laser_2.bsp
15:06:43.467 INFO  Using 'DStaticPropV9' for sprp version 9
15:06:43.468 WARN  Lump LUMP_DISPINFO is empty
15:06:43.468 WARN  Lump LUMP_DISP_VERTS is empty
15:06:43.469 WARN  Lump LUMP_DISP_TRIS is empty
15:06:43.469 WARN  Lump LUMP_DISP_MULTIBLEND is empty
15:06:43.469 INFO  BSP version: 21
15:06:43.469 INFO  Game: Portal 2
15:06:43.478 INFO  Equal amount of areaporal entities and areaportal brushes. Using 'Ordered' method
15:06:43.479 INFO  No occluders to reallocate...
15:06:43.513 INFO  1644 (18.3%) exact brushside->origface matches
15:06:43.513 INFO  0/0 (nondisp/disp) original faces left after exact brushside->origface matching
15:06:43.555 INFO  153 (1.7%) partial brushside->origface matches
15:06:43.555 INFO  Writing brushes and planes
15:06:43.712 INFO  Writing displacements
15:06:43.712 INFO  Writing entities
15:06:43.743 INFO  Writing func_details
15:06:43.831 INFO  Writing info_overlays
15:06:43.847 INFO  Writing prop_statics
15:06:43.880 INFO  Writing env_cubemaps
15:06:43.882 INFO  Writing func_ladders
15:06:43.885 INFO  Finished decompiling /media/hdd/SteamLibrary/steamapps/common/Portal 2/portal2/maps/mp_coop_laser_2.bsp.
