15:06:46.132 INFO  Loading /media/hdd/SteamLibrary/steamapps/common/Portal 2/portal2/maps/mp_coop_catapult_2.bsp
15:06:47.029 INFO  Using 'DStaticPropV9' for sprp version 9
15:06:47.031 WARN  Lump LUMP_DISPINFO is empty
15:06:47.031 WARN  Lump LUMP_DISP_VERTS is empty
15:06:47.031 WARN  Lump LUMP_DISP_TRIS is empty
15:06:47.031 WARN  Lump LUMP_DISP_MULTIBLEND is empty
15:06:47.031 INFO  BSP version: 21
15:06:47.031 INFO  Game: Portal 2
15:06:47.032 INFO  Equal amount of areaporal entities and areaportal brushes. Using 'Ordered' method
15:06:47.033 INFO  No occluders to reallocate...
15:06:47.239 INFO  1870 (18.7%) exact brushside->origface matches
15:06:47.239 INFO  1/0 (nondisp/disp) original faces left after exact brushside->origface matching
15:06:47.255 INFO  190 (1.9%) partial brushside->origface matches
15:06:47.255 INFO  Writing brushes and planes
15:06:47.681 INFO  Writing displacements
15:06:47.681 INFO  Writing entities
15:06:47.819 INFO  Writing func_details
15:06:47.902 INFO  Writing info_overlays
15:06:47.903 INFO  Writing prop_statics
15:06:47.907 INFO  Writing env_cubemaps
15:06:47.907 INFO  Writing func_ladders
15:06:47.907 INFO  Finished decompiling /media/hdd/SteamLibrary/steamapps/common/Portal 2/portal2/maps/mp_coop_catapult_2.bsp.
