15:06:50.576 INFO  Loading /media/hdd/SteamLibrary/steamapps/common/Portal 2/portal2/maps/mp_coop_multifling_1.bsp
15:06:51.747 INFO  Using 'DStaticPropV9' for sprp version 9
15:06:51.748 WARN  Lump LUMP_DISPINFO is empty
15:06:51.748 WARN  Lump LUMP_DISP_VERTS is empty
15:06:51.748 WARN  Lump LUMP_DISP_TRIS is empty
15:06:51.748 WARN  Lump LUMP_DISP_MULTIBLEND is empty
15:06:51.749 INFO  BSP version: 21
15:06:51.749 INFO  Game: Portal 2
15:06:51.752 INFO  Equal amount of areaporal entities and areaportal brushes. Using 'Ordered' method
15:06:51.752 INFO  No occluders to reallocate...
15:06:51.783 INFO  2758 (19.0%) exact brushside->origface matches
15:06:51.783 INFO  2/0 (nondisp/disp) original faces left after exact brushside->origface matching
15:06:51.797 INFO  240 (1.6%) partial brushside->origface matches
15:06:51.797 INFO  Writing brushes and planes
15:06:51.871 INFO  Writing displacements
15:06:51.871 INFO  Writing entities
15:06:51.899 INFO  Writing func_details
15:06:51.941 INFO  Writing info_overlays
15:06:51.942 INFO  Writing prop_statics
15:06:51.945 INFO  Writing env_cubemaps
15:06:51.945 INFO  Writing func_ladders
15:06:51.945 INFO  Finished decompiling /media/hdd/SteamLibrary/steamapps/common/Portal 2/portal2/maps/mp_coop_multifling_1.bsp.
