15:06:51.873 INFO  Loading /media/hdd/SteamLibrary/steamapps/common/Portal 2/portal2/maps/mp_coop_tbeam_polarity2.bsp
15:06:53.018 INFO  Using 'DStaticPropV9' for sprp version 9
15:06:53.019 WARN  Lump LUMP_CLIPPORTALVERTS is empty
15:06:53.019 WARN  Lump LUMP_DISPINFO is empty
15:06:53.019 WARN  Lump LUMP_DISP_VERTS is empty
15:06:53.019 WARN  Lump LUMP_DISP_TRIS is empty
15:06:53.019 WARN  Lump LUMP_DISP_MULTIBLEND is empty
15:06:53.019 INFO  BSP version: 21
15:06:53.019 INFO  Game: Portal 2
15:06:53.020 INFO  No areaportals to reallocate...
15:06:53.020 INFO  No occluders to reallocate...
15:06:53.032 INFO  1312 (19.4%) exact brushside->origface matches
15:06:53.032 INFO  0/0 (nondisp/disp) original faces left after exact brushside->origface matching
15:06:53.037 INFO  108 (1.6%) partial brushside->origface matches
15:06:53.037 INFO  Writing brushes and planes
15:06:53.061 INFO  Writing displacements
15:06:53.061 INFO  Writing entities
15:06:53.070 INFO  Writing func_details
15:06:53.099 INFO  Writing info_overlays
15:06:53.100 INFO  Writing prop_statics
15:06:53.105 INFO  Writing env_cubemaps
15:06:53.106 INFO  Writing func_ladders
15:06:53.106 INFO  Finished decompiling /media/hdd/SteamLibrary/steamapps/common/Portal 2/portal2/maps/mp_coop_tbeam_polarity2.bsp.
