15:06:40.723 INFO  Loading /media/hdd/SteamLibrary/steamapps/common/Portal 2/portal2/maps/mp_coop_tbeam_redirect.bsp
15:06:41.479 INFO  Using 'DStaticPropV9' for sprp version 9
15:06:41.483 WARN  Lump LUMP_CLIPPORTALVERTS is empty
15:06:41.483 WARN  Lump LUMP_DISPINFO is empty
15:06:41.483 WARN  Lump LUMP_DISP_VERTS is empty
15:06:41.486 WARN  Lump LUMP_DISP_TRIS is empty
15:06:41.486 WARN  Lump LUMP_DISP_MULTIBLEND is empty
15:06:41.487 INFO  BSP version: 21
15:06:41.487 INFO  Game: Portal 2
15:06:41.493 INFO  No areaportals to reallocate...
15:06:41.496 INFO  No occluders to reallocate...
15:06:41.556 INFO  2320 (23.9%) exact brushside->origface matches
15:06:41.556 INFO  0/0 (nondisp/disp) original faces left after exact brushside->origface matching
15:06:41.599 INFO  243 (2.5%) partial brushside->origface matches
15:06:41.599 INFO  Writing brushes and planes
15:06:41.821 INFO  Writing displacements
15:06:41.822 INFO  Writing entities
15:06:41.852 INFO  Writing func_details
15:06:41.914 INFO  Writing info_overlays
15:06:41.915 INFO  Writing prop_statics
15:06:42.129 INFO  Writing env_cubemaps
15:06:42.129 INFO  Writing func_ladders
15:06:42.129 INFO  Finished decompiling /media/hdd/SteamLibrary/steamapps/common/Portal 2/portal2/maps/mp_coop_tbeam_redirect.bsp.
