15:06:47.817 INFO  Loading /media/hdd/SteamLibrary/steamapps/common/Portal 2/portal2/maps/mp_coop_infinifling_train.bsp
15:06:47.902 INFO  Using 'DStaticPropV9' for sprp version 9
15:06:47.903 WARN  Lump LUMP_CLIPPORTALVERTS is empty
15:06:47.903 WARN  Lump LUMP_DISPINFO is empty
15:06:47.903 WARN  Lump LUMP_DISP_VERTS is empty
15:06:47.903 WARN  Lump LUMP_DISP_TRIS is empty
15:06:47.903 WARN  Lump LUMP_DISP_MULTIBLEND is empty
15:06:47.904 INFO  BSP version: 21
15:06:47.904 INFO  Game: Portal 2
15:06:47.904 INFO  No areaportals to reallocate...
15:06:47.905 INFO  No occluders to reallocate...
15:06:47.929 INFO  1190 (18.7%) exact brushside->origface matches
15:06:47.929 INFO  1/0 (nondisp/disp) original faces left after exact brushside->origface matching
15:06:47.939 INFO  144 (2.3%) partial brushside->origface matches
15:06:47.939 INFO  Writing brushes and planes
15:06:48.017 INFO  Writing displacements
15:06:48.017 INFO  Writing entities
15:06:48.039 INFO  Writing func_details
15:06:48.095 INFO  Writing info_overlays
15:06:48.096 INFO  Writing prop_statics
15:06:48.099 INFO  Writing env_cubemaps
15:06:48.099 INFO  Writing func_ladders
15:06:48.100 INFO  Finished decompiling /media/hdd/SteamLibrary/steamapps/common/Portal 2/portal2/maps/mp_coop_infinifling_train.bsp.
