15:06:44.092 INFO  Loading /media/hdd/SteamLibrary/steamapps/common/Portal 2/portal2/maps/mp_coop_catapult_wall_intro.bsp
15:06:45.105 INFO  Using 'DStaticPropV9' for sprp version 9
15:06:45.106 WARN  Lump LUMP_DISPINFO is empty
15:06:45.106 WARN  Lump LUMP_DISP_VERTS is empty
15:06:45.106 WARN  Lump LUMP_DISP_TRIS is empty
15:06:45.106 WARN  Lump LUMP_DISP_MULTIBLEND is empty
15:06:45.106 INFO  BSP version: 21
15:06:45.106 INFO  Game: Portal 2
15:06:45.108 INFO  Equal amount of areaporal entities and areaportal brushes. Using 'Ordered' method
15:06:45.108 INFO  No occluders to reallocate...
15:06:45.129 INFO  1926 (21.2%) exact brushside->origface matches
15:06:45.129 INFO  4/0 (nondisp/disp) original faces left after exact brushside->origface matching
15:06:45.141 INFO  163 (1.8%) partial brushside->origface matches
15:06:45.141 INFO  Writing brushes and planes
15:06:45.195 INFO  Writing displacements
15:06:45.195 INFO  Writing entities
15:06:45.211 INFO  Writing func_details
15:06:45.251 INFO  Writing info_overlays
15:06:45.253 INFO  Writing prop_statics
15:06:45.256 INFO  Writing env_cubemaps
15:06:45.256 INFO  Writing func_ladders
15:06:45.256 INFO  Finished decompiling /media/hdd/SteamLibrary/steamapps/common/Portal 2/portal2/maps/mp_coop_catapult_wall_intro.bsp.
