15:06:42.283 INFO  Loading /media/hdd/SteamLibrary/steamapps/common/Portal 2/portal2/maps/mp_coop_doors.bsp
15:06:42.718 INFO  Using 'DStaticPropV9' for sprp version 9
15:06:42.719 WARN  Lump LUMP_CLIPPORTALVERTS is empty
15:06:42.720 WARN  Lump LUMP_DISPINFO is empty
15:06:42.720 WARN  Lump LUMP_DISP_VERTS is empty
15:06:42.720 WARN  Lump LUMP_DISP_TRIS is empty
15:06:42.720 WARN  Lump LUMP_DISP_MULTIBLEND is empty
15:06:42.720 INFO  BSP version: 21
15:06:42.720 INFO  Game: Portal 2
15:06:42.722 INFO  No areaportals to reallocate...
15:06:42.722 INFO  No occluders to reallocate...
15:06:42.750 INFO  1310 (18.1%) exact brushside->origface matches
15:06:42.750 INFO  1/0 (nondisp/disp) original faces left after exact brushside->origface matching
15:06:42.760 INFO  130 (1.8%) partial brushside->origface matches
15:06:42.760 INFO  Writing brushes and planes
15:06:42.784 INFO  Writing displacements
15:06:42.784 INFO  Writing entities
15:06:42.795 INFO  Writing func_details
15:06:42.839 INFO  Writing info_overlays
15:06:42.840 INFO  Writing prop_statics
15:06:42.842 INFO  Writing env_cubemaps
15:06:42.843 INFO  Writing func_ladders
15:06:42.843 INFO  Finished decompiling /media/hdd/SteamLibrary/steamapps/common/Portal 2/portal2/maps/mp_coop_doors.bsp.
