15:06:55.544 INFO  Loading /media/hdd/SteamLibrary/steamapps/common/Portal 2/portal2/maps/mp_coop_wall_5.bsp
15:06:56.457 INFO  Using 'DStaticPropV9' for sprp version 9
15:06:56.458 WARN  Lump LUMP_DISPINFO is empty
15:06:56.458 WARN  Lump LUMP_DISP_VERTS is empty
15:06:56.458 WARN  Lump LUMP_DISP_TRIS is empty
15:06:56.458 WARN  Lump LUMP_DISP_MULTIBLEND is empty
15:06:56.459 INFO  BSP version: 21
15:06:56.459 INFO  Game: Portal 2
15:06:56.460 INFO  Equal amount of areaporal entities and areaportal brushes. Using 'Ordered' method
15:06:56.460 INFO  No occluders to reallocate...
15:06:56.471 INFO  1591 (32.8%) exact brushside->origface matches
15:06:56.471 INFO  0/0 (nondisp/disp) original faces left after exact brushside->origface matching
15:06:56.476 INFO  551 (11.3%) partial brushside->origface matches
15:06:56.476 INFO  Writing brushes and planes
15:06:56.497 INFO  Writing displacements
15:06:56.497 INFO  Writing entities
15:06:56.510 INFO  Writing func_details
15:06:56.533 INFO  Writing info_overlays
15:06:56.534 INFO  Writing prop_statics
15:06:56.550 INFO  Writing env_cubemaps
15:06:56.550 INFO  Writing func_ladders
15:06:56.551 INFO  Finished decompiling /media/hdd/SteamLibrary/steamapps/common/Portal 2/portal2/maps/mp_coop_wall_5.bsp.
