15:06:37.960 INFO  Loading /media/hdd/SteamLibrary/steamapps/common/Portal 2/portal2/maps/mp_coop_catapult_1.bsp
15:06:39.454 INFO  Using 'DStaticPropV9' for sprp version 9
15:06:39.469 WARN  Lump LUMP_DISPINFO is empty
15:06:39.469 WARN  Lump LUMP_DISP_VERTS is empty
15:06:39.470 WARN  Lump LUMP_DISP_TRIS is empty
15:06:39.470 WARN  Lump LUMP_DISP_MULTIBLEND is empty
15:06:39.485 INFO  BSP version: 21
15:06:39.485 INFO  Game: Portal 2
15:06:39.515 INFO  Equal amount of areaporal entities and areaportal brushes. Using 'Ordered' method
15:06:39.526 INFO  No occluders to reallocate...
15:06:39.823 INFO  2581 (18.1%) exact brushside->origface matches
15:06:39.823 INFO  1/0 (nondisp/disp) original faces left after exact brushside->origface matching
15:06:39.906 INFO  235 (1.7%) partial brushside->origface matches
15:06:39.909 INFO  Writing brushes and planes
15:06:40.521 INFO  Writing displacements
15:06:40.521 INFO  Writing entities
15:06:40.796 INFO  Writing func_details
15:06:40.895 INFO  Writing info_overlays
15:06:40.896 INFO  Writing prop_statics
15:06:40.904 INFO  Writing env_cubemaps
15:06:40.905 INFO  Writing func_ladders
15:06:40.905 INFO  Finished decompiling /media/hdd/SteamLibrary/steamapps/common/Portal 2/portal2/maps/mp_coop_catapult_1.bsp.
