15:06:47.860 INFO  Loading /media/hdd/SteamLibrary/steamapps/common/Portal 2/portal2/maps/mp_coop_paint_speed_catch.bsp
15:06:48.489 INFO  Using 'DStaticPropV9' for sprp version 9
15:06:48.490 WARN  Lump LUMP_CLIPPORTALVERTS is empty
15:06:48.491 WARN  Lump LUMP_DISPINFO is empty
15:06:48.491 WARN  Lump LUMP_DISP_VERTS is empty
15:06:48.491 WARN  Lump LUMP_DISP_TRIS is empty
15:06:48.491 WARN  Lump LUMP_DISP_MULTIBLEND is empty
15:06:48.491 INFO  BSP version: 21
15:06:48.491 INFO  Game: Portal 2
15:06:48.492 INFO  No areaportals to reallocate...
15:06:48.492 INFO  No occluders to reallocate...
15:06:48.505 INFO  1599 (31.4%) exact brushside->origface matches
15:06:48.505 INFO  1/0 (nondisp/disp) original faces left after exact brushside->origface matching
15:06:48.510 INFO  115 (2.3%) partial brushside->origface matches
15:06:48.510 INFO  Writing brushes and planes
15:06:48.541 INFO  Writing displacements
15:06:48.541 INFO  Writing entities
15:06:48.569 INFO  Writing func_details
15:06:48.623 INFO  Writing info_overlays
15:06:48.623 INFO  Writing prop_statics
15:06:48.628 INFO  Writing env_cubemaps
15:06:48.629 INFO  Writing func_ladders
15:06:48.629 INFO  Finished decompiling /media/hdd/SteamLibrary/steamapps/common/Portal 2/portal2/maps/mp_coop_paint_speed_catch.bsp.
