15:06:37.961 INFO  Loading /media/hdd/SteamLibrary/steamapps/common/Portal 2/portal2/maps/mp_coop_tbeam_drill.bsp
15:06:39.450 INFO  Using 'DStaticPropV9' for sprp version 9
15:06:39.473 WARN  Lump LUMP_DISPINFO is empty
15:06:39.473 WARN  Lump LUMP_DISP_VERTS is empty
15:06:39.473 WARN  Lump LUMP_DISP_TRIS is empty
15:06:39.473 WARN  Lump LUMP_DISP_MULTIBLEND is empty
15:06:39.486 INFO  BSP version: 21
15:06:39.486 INFO  Game: Portal 2
15:06:39.516 INFO  Equal amount of areaporal entities and areaportal brushes. Using 'Ordered' method
15:06:39.525 INFO  No occluders to reallocate...
15:06:39.825 INFO  1802 (21.7%) exact brushside->origface matches
15:06:39.825 INFO  5/0 (nondisp/disp) original faces left after exact brushside->origface matching
15:06:39.875 INFO  231 (2.8%) partial brushside->origface matches
15:06:39.875 INFO  Writing brushes and planes
15:06:40.192 INFO  Writing displacements
15:06:40.197 INFO  Writing entities
15:06:40.300 INFO  Writing func_details
15:06:40.462 INFO  Writing info_overlays
15:06:40.465 INFO  Writing prop_statics
15:06:40.480 INFO  Writing env_cubemaps
15:06:40.481 INFO  Writing func_ladders
15:06:40.483 INFO  Finished decompiling /media/hdd/SteamLibrary/steamapps/common/Portal 2/portal2/maps/mp_coop_tbeam_drill.bsp.
