15:06:46.133 INFO  Loading /media/hdd/SteamLibrary/steamapps/common/Portal 2/portal2/maps/sp_a4_finale3.bsp
15:06:47.030 INFO  Using 'DStaticPropV9' for sprp version 9
15:06:47.031 WARN  Lump LUMP_DISPINFO is empty
15:06:47.031 WARN  Lump LUMP_DISP_VERTS is empty
15:06:47.031 WARN  Lump LUMP_DISP_TRIS is empty
15:06:47.031 WARN  Lump LUMP_DISP_MULTIBLEND is empty
15:06:47.032 INFO  BSP version: 21
15:06:47.032 INFO  Game: Portal 2
15:06:47.034 INFO  Equal amount of areaporal entities and areaportal brushes. Using 'Ordered' method
15:06:47.035 INFO  No occluders to reallocate...
15:06:47.250 INFO  2826 (27.9%) exact brushside->origface matches
15:06:47.250 INFO  0/0 (nondisp/disp) original faces left after exact brushside->origface matching
15:06:47.276 INFO  344 (3.4%) partial brushside->origface matches
15:06:47.276 INFO  Writing brushes and planes
15:06:47.628 INFO  Writing displacements
15:06:47.628 INFO  Writing entities
15:06:47.695 INFO  Writing func_details
15:06:47.800 INFO  Writing info_overlays
15:06:47.801 INFO  Writing prop_statics
15:06:47.816 INFO  Writing env_cubemaps
15:06:47.816 INFO  Writing func_ladders
15:06:47.817 INFO  Finished decompiling /media/hdd/SteamLibrary/steamapps/common/Portal 2/portal2/maps/sp_a4_finale3.bsp.
