15:06:49.572 INFO  Loading /media/hdd/SteamLibrary/steamapps/common/Portal 2/portal2/maps/sp_a4_laser_platform.bsp
15:06:49.967 INFO  Using 'DStaticPropV9' for sprp version 9
15:06:49.968 WARN  Lump LUMP_DISPINFO is empty
15:06:49.968 WARN  Lump LUMP_DISP_VERTS is empty
15:06:49.968 WARN  Lump LUMP_DISP_TRIS is empty
15:06:49.968 WARN  Lump LUMP_DISP_MULTIBLEND is empty
15:06:49.969 INFO  BSP version: 21
15:06:49.969 INFO  Game: Portal 2
15:06:49.971 INFO  Equal amount of areaporal entities and areaportal brushes. Using 'Ordered' method
15:06:49.972 INFO  No occluders to reallocate...
15:06:49.998 INFO  2828 (26.4%) exact brushside->origface matches
15:06:49.998 INFO  0/0 (nondisp/disp) original faces left after exact brushside->origface matching
15:06:50.006 INFO  216 (2.0%) partial brushside->origface matches
15:06:50.006 INFO  Writing brushes and planes
15:06:50.041 INFO  Writing displacements
15:06:50.041 INFO  Writing entities
15:06:50.061 INFO  Writing func_details
15:06:50.107 INFO  Writing info_overlays
15:06:50.109 INFO  Writing prop_statics
15:06:50.119 INFO  Writing env_cubemaps
15:06:50.119 INFO  Writing func_ladders
15:06:50.119 INFO  Finished decompiling /media/hdd/SteamLibrary/steamapps/common/Portal 2/portal2/maps/sp_a4_laser_platform.bsp.
