15:06:45.256 INFO  Loading /media/hdd/SteamLibrary/steamapps/common/Portal 2/portal2/maps/sp_a1_intro5.bsp
15:06:45.631 INFO  Using 'DStaticPropV9' for sprp version 9
15:06:45.632 WARN  Lump LUMP_DISPINFO is empty
15:06:45.633 WARN  Lump LUMP_DISP_VERTS is empty
15:06:45.633 WARN  Lump LUMP_DISP_TRIS is empty
15:06:45.633 WARN  Lump LUMP_DISP_MULTIBLEND is empty
15:06:45.633 INFO  BSP version: 21
15:06:45.633 INFO  Game: Portal 2
15:06:45.635 INFO  Equal amount of areaporal entities and areaportal brushes. Using 'Ordered' method
15:06:45.635 INFO  No occluders to reallocate...
15:06:45.661 INFO  1919 (20.3%) exact brushside->origface matches
15:06:45.661 INFO  1/0 (nondisp/disp) original faces left after exact brushside->origface matching
15:06:45.673 INFO  65 (0.7%) partial brushside->origface matches
15:06:45.673 INFO  Writing brushes and planes
15:06:45.711 INFO  Writing displacements
15:06:45.711 INFO  Writing entities
15:06:45.724 INFO  Writing func_details
15:06:45.769 INFO  Writing info_overlays
15:06:45.771 INFO  Writing prop_statics
15:06:45.774 INFO  Writing env_cubemaps
15:06:45.775 INFO  Writing func_ladders
15:06:45.775 INFO  Finished decompiling /media/hdd/SteamLibrary/steamapps/common/Portal 2/portal2/maps/sp_a1_intro5.bsp.
