15:06:50.573 INFO  Loading /media/hdd/SteamLibrary/steamapps/common/Portal 2/portal2/maps/sp_a4_speed_tb_catch.bsp
15:06:51.723 INFO  Using 'DStaticPropV9' for sprp version 9
15:06:51.724 WARN  Lump LUMP_DISPINFO is empty
15:06:51.724 WARN  Lump LUMP_DISP_VERTS is empty
15:06:51.724 WARN  Lump LUMP_DISP_TRIS is empty
15:06:51.724 WARN  Lump LUMP_DISP_MULTIBLEND is empty
15:06:51.725 INFO  BSP version: 21
15:06:51.725 INFO  Game: Portal 2
15:06:51.726 INFO  Equal amount of areaporal entities and areaportal brushes. Using 'Ordered' method
15:06:51.727 INFO  No occluders to reallocate...
15:06:51.746 INFO  2493 (22.2%) exact brushside->origface matches
15:06:51.746 INFO  0/0 (nondisp/disp) original faces left after exact brushside->origface matching
15:06:51.757 INFO  304 (2.7%) partial brushside->origface matches
15:06:51.757 INFO  Writing brushes and planes
15:06:51.807 INFO  Writing displacements
15:06:51.807 INFO  Writing entities
15:06:51.832 INFO  Writing func_details
15:06:51.866 INFO  Writing info_overlays
15:06:51.868 INFO  Writing prop_statics
15:06:51.873 INFO  Writing env_cubemaps
15:06:51.873 INFO  Writing func_ladders
15:06:51.873 INFO  Finished decompiling /media/hdd/SteamLibrary/steamapps/common/Portal 2/portal2/maps/sp_a4_speed_tb_catch.bsp.
