15:06:57.123 INFO  Loading /media/hdd/SteamLibrary/steamapps/common/Portal 2/portal2/maps/sp_a4_tb_polarity.bsp
15:06:58.102 INFO  Using 'DStaticPropV9' for sprp version 9
15:06:58.102 WARN  Lump LUMP_DISPINFO is empty
15:06:58.102 WARN  Lump LUMP_DISP_VERTS is empty
15:06:58.102 WARN  Lump LUMP_DISP_TRIS is empty
15:06:58.102 WARN  Lump LUMP_DISP_MULTIBLEND is empty
15:06:58.103 INFO  BSP version: 21
15:06:58.103 INFO  Game: Portal 2
15:06:58.104 INFO  Equal amount of areaporal entities and areaportal brushes. Using 'Ordered' method
15:06:58.104 INFO  No occluders to reallocate...
15:06:58.123 INFO  2083 (18.6%) exact brushside->origface matches
15:06:58.124 INFO  0/0 (nondisp/disp) original faces left after exact brushside->origface matching
15:06:58.131 INFO  126 (1.1%) partial brushside->origface matches
15:06:58.132 INFO  Writing brushes and planes
15:06:58.163 INFO  Writing displacements
15:06:58.163 INFO  Writing entities
15:06:58.182 INFO  Writing func_details
15:06:58.232 INFO  Writing info_overlays
15:06:58.233 INFO  Writing prop_statics
15:06:58.239 INFO  Writing env_cubemaps
15:06:58.239 INFO  Writing func_ladders
15:06:58.239 INFO  Finished decompiling /media/hdd/SteamLibrary/steamapps/common/Portal 2/portal2/maps/sp_a4_tb_polarity.bsp.
