15:06:48.603 INFO  Loading /media/hdd/SteamLibrary/steamapps/common/Portal 2/portal2/maps/sp_a4_finale1.bsp
15:06:49.127 INFO  Using 'DStaticPropV9' for sprp version 9
15:06:49.128 WARN  Lump LUMP_DISPINFO is empty
15:06:49.128 WARN  Lump LUMP_DISP_VERTS is empty
15:06:49.128 WARN  Lump LUMP_DISP_TRIS is empty
15:06:49.128 WARN  Lump LUMP_DISP_MULTIBLEND is empty
15:06:49.129 INFO  BSP version: 21
15:06:49.129 INFO  Game: Portal 2
15:06:49.134 INFO  Equal amount of areaporal entities and areaportal brushes. Using 'Ordered' method
15:06:49.135 INFO  No occluders to reallocate...
15:06:49.157 INFO  2468 (23.2%) exact brushside->origface matches
15:06:49.157 INFO  2/0 (nondisp/disp) original faces left after exact brushside->origface matching
15:06:49.166 INFO  153 (1.4%) partial brushside->origface matches
15:06:49.166 INFO  Writing brushes and planes
15:06:49.237 INFO  Writing displacements
15:06:49.237 INFO  Writing entities
15:06:49.470 INFO  Writing func_details
15:06:49.523 INFO  Writing info_overlays
15:06:49.524 INFO  Writing prop_statics
15:06:49.534 INFO  Writing env_cubemaps
15:06:49.534 INFO  Writing func_ladders
15:06:49.535 INFO  Finished decompiling /media/hdd/SteamLibrary/steamapps/common/Portal 2/portal2/maps/sp_a4_finale1.bsp.
