15:06:49.619 INFO  Loading /media/hdd/SteamLibrary/steamapps/common/Portal 2/portal2/maps/sp_a4_tb_wall_button.bsp
15:06:50.121 INFO  Using 'DStaticPropV9' for sprp version 9
15:06:50.122 WARN  Lump LUMP_DISPINFO is empty
15:06:50.122 WARN  Lump LUMP_DISP_VERTS is empty
15:06:50.122 WARN  Lump LUMP_DISP_TRIS is empty
15:06:50.122 WARN  Lump LUMP_DISP_MULTIBLEND is empty
15:06:50.123 INFO  BSP version: 21
15:06:50.123 INFO  Game: Portal 2
15:06:50.124 INFO  Equal amount of areaporal entities and areaportal brushes. Using 'Ordered' method
15:06:50.125 INFO  No occluders to reallocate...
15:06:50.144 INFO  2308 (19.1%) exact brushside->origface matches
15:06:50.144 INFO  0/0 (nondisp/disp) original faces left after exact brushside->origface matching
15:06:50.151 INFO  159 (1.3%) partial brushside->origface matches
15:06:50.151 INFO  Writing brushes and planes
15:06:50.182 INFO  Writing displacements
15:06:50.182 INFO  Writing entities
15:06:50.214 INFO  Writing func_details
15:06:50.569 INFO  Writing info_overlays
15:06:50.569 INFO  Writing prop_statics
15:06:50.573 INFO  Writing env_cubemaps
15:06:50.573 INFO  Writing func_ladders
15:06:50.573 INFO  Finished decompiling /media/hdd/SteamLibrary/steamapps/common/Portal 2/portal2/maps/sp_a4_tb_wall_button.bsp.
