15:06:45.245 INFO  Loading /media/hdd/SteamLibrary/steamapps/common/Portal 2/portal2/maps/sp_a2_turret_intro.bsp
15:06:45.619 INFO  Using 'DStaticPropV9' for sprp version 9
15:06:45.623 WARN  Lump LUMP_DISPINFO is empty
15:06:45.623 WARN  Lump LUMP_DISP_VERTS is empty
15:06:45.623 WARN  Lump LUMP_DISP_TRIS is empty
15:06:45.623 WARN  Lump LUMP_DISP_MULTIBLEND is empty
15:06:45.624 INFO  BSP version: 21
15:06:45.629 INFO  Game: Portal 2
15:06:45.631 INFO  Equal amount of areaporal entities and areaportal brushes. Using 'Ordered' method
15:06:45.631 INFO  No occluders to reallocate...
15:06:45.673 INFO  1906 (18.8%) exact brushside->origface matches
15:06:45.673 INFO  1/0 (nondisp/disp) original faces left after exact brushside->origface matching
15:06:45.693 INFO  114 (1.1%) partial brushside->origface matches
15:06:45.693 INFO  Writing brushes and planes
15:06:45.742 INFO  Writing displacements
15:06:45.742 INFO  Writing entities
15:06:45.754 INFO  Writing func_details
15:06:45.800 INFO  Writing info_overlays
15:06:45.800 INFO  Writing prop_statics
15:06:45.805 INFO  Writing env_cubemaps
15:06:45.805 INFO  Writing func_ladders
15:06:45.806 INFO  Finished decompiling /media/hdd/SteamLibrary/steamapps/common/Portal 2/portal2/maps/sp_a2_turret_intro.bsp.
