15:06:40.516 INFO  Loading /media/hdd/SteamLibrary/steamapps/common/Portal 2/portal2/maps/sp_a2_triple_laser.bsp
15:06:40.739 INFO  Using 'DStaticPropV9' for sprp version 9
15:06:40.743 WARN  Lump LUMP_DISPINFO is empty
15:06:40.743 WARN  Lump LUMP_DISP_VERTS is empty
15:06:40.743 WARN  Lump LUMP_DISP_TRIS is empty
15:06:40.744 WARN  Lump LUMP_DISP_MULTIBLEND is empty
15:06:40.745 INFO  BSP version: 21
15:06:40.745 INFO  Game: Portal 2
15:06:40.747 INFO  Equal amount of areaporal entities and areaportal brushes. Using 'Ordered' method
15:06:40.747 INFO  No occluders to reallocate...
15:06:40.795 INFO  1257 (15.0%) exact brushside->origface matches
15:06:40.795 INFO  3/0 (nondisp/disp) original faces left after exact brushside->origface matching
15:06:40.822 INFO  46 (0.5%) partial brushside->origface matches
15:06:40.822 INFO  Writing brushes and planes
15:06:40.898 INFO  Writing displacements
15:06:40.898 INFO  Writing entities
15:06:40.928 INFO  Writing func_details
15:06:41.002 INFO  Writing info_overlays
15:06:41.003 INFO  Writing prop_statics
15:06:41.005 INFO  Writing env_cubemaps
15:06:41.005 INFO  Writing func_ladders
15:06:41.005 INFO  Finished decompiling /media/hdd/SteamLibrary/steamapps/common/Portal 2/portal2/maps/sp_a2_triple_laser.bsp.
