15:06:40.822 INFO  Loading /media/hdd/SteamLibrary/steamapps/common/Portal 2/portal2/maps/sp_a2_bts1.bsp
15:06:41.606 INFO  Using 'DStaticPropV9' for sprp version 9
15:06:41.618 WARN  Lump LUMP_DISPINFO is empty
15:06:41.618 WARN  Lump LUMP_DISP_VERTS is empty
15:06:41.618 WARN  Lump LUMP_DISP_TRIS is empty
15:06:41.618 WARN  Lump LUMP_DISP_MULTIBLEND is empty
15:06:41.626 INFO  BSP version: 21
15:06:41.626 INFO  Game: Portal 2
15:06:41.763 INFO  Equal amount of areaporal entities and areaportal brushes. Using 'Ordered' method
15:06:41.769 INFO  No occluders to reallocate...
15:06:41.835 INFO  2716 (19.5%) exact brushside->origface matches
15:06:41.835 INFO  7/0 (nondisp/disp) original faces left after exact brushside->origface matching
15:06:41.874 INFO  218 (1.6%) partial brushside->origface matches
15:06:41.874 INFO  Writing brushes and planes
15:06:42.152 INFO  Writing displacements
15:06:42.152 INFO  Writing entities
15:06:42.210 INFO  Writing func_details
15:06:42.264 INFO  Writing info_overlays
15:06:42.266 INFO  Writing prop_statics
15:06:42.281 INFO  Writing env_cubemaps
15:06:42.281 INFO  Writing func_ladders
15:06:42.283 INFO  Finished decompiling /media/hdd/SteamLibrary/steamapps/common/Portal 2/portal2/maps/sp_a2_bts1.bsp.
