15:06:40.906 INFO  Loading /media/hdd/SteamLibrary/steamapps/common/Portal 2/portal2/maps/sp_a2_laser_vs_turret.bsp
15:06:41.464 INFO  Using 'DStaticPropV9' for sprp version 9
15:06:41.466 WARN  Lump LUMP_DISPINFO is empty
15:06:41.466 WARN  Lump LUMP_DISP_VERTS is empty
15:06:41.467 WARN  Lump LUMP_DISP_TRIS is empty
15:06:41.467 WARN  Lump LUMP_DISP_MULTIBLEND is empty
15:06:41.468 INFO  BSP version: 21
15:06:41.468 INFO  Game: Portal 2
15:06:41.470 INFO  Equal amount of areaporal entities and areaportal brushes. Using 'Ordered' method
15:06:41.471 INFO  No occluders to reallocate...
15:06:41.501 INFO  1786 (18.4%) exact brushside->origface matches
15:06:41.503 INFO  0/0 (nondisp/disp) original faces left after exact brushside->origface matching
15:06:41.523 INFO  59 (0.6%) partial brushside->origface matches
15:06:41.523 INFO  Writing brushes and planes
15:06:41.573 INFO  Writing displacements
15:06:41.574 INFO  Writing entities
15:06:41.596 INFO  Writing func_details
15:06:41.810 INFO  Writing info_overlays
15:06:41.811 INFO  Writing prop_statics
15:06:41.818 INFO  Writing env_cubemaps
15:06:41.818 INFO  Writing func_ladders
15:06:41.818 INFO  Finished decompiling /media/hdd/SteamLibrary/steamapps/common/Portal 2/portal2/maps/sp_a2_laser_vs_turret.bsp.
