15:06:45.681 INFO  Loading /media/hdd/SteamLibrary/steamapps/common/Portal 2/portal2/maps/sp_a4_intro.bsp
15:06:46.551 INFO  Using 'DStaticPropV9' for sprp version 9
15:06:46.552 WARN  Lump LUMP_DISPINFO is empty
15:06:46.552 WARN  Lump LUMP_DISP_VERTS is empty
15:06:46.552 WARN  Lump LUMP_DISP_TRIS is empty
15:06:46.552 WARN  Lump LUMP_DISP_MULTIBLEND is empty
15:06:46.553 INFO  BSP version: 21
15:06:46.553 INFO  Game: Portal 2
15:06:46.555 INFO  Equal amount of areaporal entities and areaportal brushes. Using 'Ordered' method
15:06:46.557 INFO  No occluders to reallocate...
15:06:46.587 INFO  3144 (18.8%) exact brushside->origface matches
15:06:46.588 INFO  0/0 (nondisp/disp) original faces left after exact brushside->origface matching
15:06:46.598 INFO  213 (1.3%) partial brushside->origface matches
15:06:46.598 INFO  Writing brushes and planes
15:06:46.653 INFO  Writing displacements
15:06:46.653 INFO  Writing entities
15:06:46.685 INFO  Writing func_details
15:06:46.889 INFO  Writing info_overlays
15:06:46.890 INFO  Writing prop_statics
15:06:46.903 INFO  Writing env_cubemaps
15:06:46.903 INFO  Writing func_ladders
15:06:46.903 INFO  Finished decompiling /media/hdd/SteamLibrary/steamapps/common/Portal 2/portal2/maps/sp_a4_intro.bsp.
