15:06:54.123 INFO  Loading /media/hdd/SteamLibrary/steamapps/common/Portal 2/portal2/maps/sp_a4_laser_catapult.bsp
15:06:55.336 INFO  Using 'DStaticPropV9' for sprp version 9
15:06:55.337 WARN  Lump LUMP_DISPINFO is empty
15:06:55.337 WARN  Lump LUMP_DISP_VERTS is empty
15:06:55.337 WARN  Lump LUMP_DISP_TRIS is empty
15:06:55.337 WARN  Lump LUMP_DISP_MULTIBLEND is empty
15:06:55.338 INFO  BSP version: 21
15:06:55.338 INFO  Game: Portal 2
15:06:55.340 INFO  Equal amount of areaporal entities and areaportal brushes. Using 'Ordered' method
15:06:55.340 INFO  No occluders to reallocate...
15:06:55.375 INFO  2803 (20.2%) exact brushside->origface matches
15:06:55.375 INFO  0/0 (nondisp/disp) original faces left after exact brushside->origface matching
15:06:55.390 INFO  185 (1.3%) partial brushside->origface matches
15:06:55.390 INFO  Writing brushes and planes
15:06:55.426 INFO  Writing displacements
15:06:55.426 INFO  Writing entities
15:06:55.445 INFO  Writing func_details
15:06:55.514 INFO  Writing info_overlays
15:06:55.515 INFO  Writing prop_statics
15:06:55.523 INFO  Writing env_cubemaps
15:06:55.523 INFO  Writing func_ladders
15:06:55.523 INFO  Finished decompiling /media/hdd/SteamLibrary/steamapps/common/Portal 2/portal2/maps/sp_a4_laser_catapult.bsp.
