15:06:54.293 INFO  Loading /media/hdd/SteamLibrary/steamapps/common/Portal 2/portal2/maps/sp_a2_laser_chaining.bsp
15:06:55.041 INFO  Using 'DStaticPropV9' for sprp version 9
15:06:55.042 WARN  Lump LUMP_DISPINFO is empty
15:06:55.042 WARN  Lump LUMP_DISP_VERTS is empty
15:06:55.042 WARN  Lump LUMP_DISP_TRIS is empty
15:06:55.042 WARN  Lump LUMP_DISP_MULTIBLEND is empty
15:06:55.042 INFO  BSP version: 21
15:06:55.042 INFO  Game: Portal 2
15:06:55.043 INFO  Equal amount of areaporal entities and areaportal brushes. Using 'Ordered' method
15:06:55.044 INFO  No occluders to reallocate...
15:06:55.063 INFO  2252 (18.9%) exact brushside->origface matches
15:06:55.064 INFO  1/0 (nondisp/disp) original faces left after exact brushside->origface matching
15:06:55.071 INFO  132 (1.1%) partial brushside->origface matches
15:06:55.071 INFO  Writing brushes and planes
15:06:55.116 INFO  Writing displacements
15:06:55.116 INFO  Writing entities
15:06:55.137 INFO  Writing func_details
15:06:55.327 INFO  Writing info_overlays
15:06:55.328 INFO  Writing prop_statics
15:06:55.331 INFO  Writing env_cubemaps
15:06:55.331 INFO  Writing func_ladders
15:06:55.331 INFO  Finished decompiling /media/hdd/SteamLibrary/steamapps/common/Portal 2/portal2/maps/sp_a2_laser_chaining.bsp.
