15:06:50.578 INFO  Loading /media/hdd/SteamLibrary/steamapps/common/Portal 2/portal2/maps/sp_a4_stop_the_box.bsp
15:06:50.988 INFO  Using 'DStaticPropV9' for sprp version 9
15:06:50.989 WARN  Lump LUMP_DISPINFO is empty
15:06:50.990 WARN  Lump LUMP_DISP_VERTS is empty
15:06:50.990 WARN  Lump LUMP_DISP_TRIS is empty
15:06:50.990 WARN  Lump LUMP_DISP_MULTIBLEND is empty
15:06:50.990 INFO  BSP version: 21
15:06:50.990 INFO  Game: Portal 2
15:06:50.991 INFO  Equal amount of areaporal entities and areaportal brushes. Using 'Ordered' method
15:06:50.992 INFO  No occluders to reallocate...
15:06:51.014 INFO  1901 (15.3%) exact brushside->origface matches
15:06:51.014 INFO  0/0 (nondisp/disp) original faces left after exact brushside->origface matching
15:06:51.022 INFO  101 (0.8%) partial brushside->origface matches
15:06:51.022 INFO  Writing brushes and planes
15:06:51.067 INFO  Writing displacements
15:06:51.067 INFO  Writing entities
15:06:51.098 INFO  Writing func_details
15:06:51.140 INFO  Writing info_overlays
15:06:51.140 INFO  Writing prop_statics
15:06:51.144 INFO  Writing env_cubemaps
15:06:51.144 INFO  Writing func_ladders
15:06:51.144 INFO  Finished decompiling /media/hdd/SteamLibrary/steamapps/common/Portal 2/portal2/maps/sp_a4_stop_the_box.bsp.
