15:06:56.002 INFO  Loading /media/hdd/SteamLibrary/steamapps/common/Portal 2/portal2/maps/sp_a2_laser_relays.bsp
15:06:57.043 INFO  Using 'DStaticPropV9' for sprp version 9
15:06:57.043 WARN  Lump LUMP_DISPINFO is empty
15:06:57.043 WARN  Lump LUMP_DISP_VERTS is empty
15:06:57.043 WARN  Lump LUMP_DISP_TRIS is empty
15:06:57.043 WARN  Lump LUMP_DISP_MULTIBLEND is empty
15:06:57.044 INFO  BSP version: 21
15:06:57.044 INFO  Game: Portal 2
15:06:57.045 INFO  Equal amount of areaporal entities and areaportal brushes. Using 'Ordered' method
15:06:57.045 INFO  No occluders to reallocate...
15:06:57.061 INFO  2157 (24.4%) exact brushside->origface matches
15:06:57.061 INFO  0/0 (nondisp/disp) original faces left after exact brushside->origface matching
15:06:57.068 INFO  268 (3.0%) partial brushside->origface matches
15:06:57.068 INFO  Writing brushes and planes
15:06:57.099 INFO  Writing displacements
15:06:57.099 INFO  Writing entities
15:06:57.117 INFO  Writing func_details
15:06:57.148 INFO  Writing info_overlays
15:06:57.149 INFO  Writing prop_statics
15:06:57.155 INFO  Writing env_cubemaps
15:06:57.155 INFO  Writing func_ladders
15:06:57.155 INFO  Finished decompiling /media/hdd/SteamLibrary/steamapps/common/Portal 2/portal2/maps/sp_a2_laser_relays.bsp.
