15:06:52.549 INFO  Loading /media/hdd/SteamLibrary/steamapps/common/Portal 2/portal2/maps/sp_a2_bts2.bsp
15:06:53.763 INFO  Using 'DStaticPropV9' for sprp version 9
15:06:53.764 WARN  Lump LUMP_DISPINFO is empty
15:06:53.764 WARN  Lump LUMP_DISP_VERTS is empty
15:06:53.764 WARN  Lump LUMP_DISP_TRIS is empty
15:06:53.764 WARN  Lump LUMP_DISP_MULTIBLEND is empty
15:06:53.764 INFO  BSP version: 21
15:06:53.764 INFO  Game: Portal 2
15:06:53.772 INFO  Equal amount of areaporal entities and areaportal brushes. Using 'Ordered' method
15:06:53.773 INFO  No occluders to reallocate...
15:06:53.792 INFO  1733 (44.5%) exact brushside->origface matches
15:06:53.796 INFO  0/0 (nondisp/disp) original faces left after exact brushside->origface matching
15:06:53.803 INFO  54 (1.4%) partial brushside->origface matches
15:06:53.803 INFO  Writing brushes and planes
15:06:53.837 INFO  Writing displacements
15:06:53.837 INFO  Writing entities
15:06:53.882 INFO  Writing func_details
15:06:53.886 INFO  Writing info_overlays
15:06:53.886 INFO  Writing prop_statics
15:06:53.894 INFO  Writing env_cubemaps
15:06:53.895 INFO  Writing func_ladders
15:06:53.895 INFO  Finished decompiling /media/hdd/SteamLibrary/steamapps/common/Portal 2/portal2/maps/sp_a2_bts2.bsp.
